<?xml version="1.0" encoding="UTF-8"?>
<!-- Generated by org.testng.reporters.JUnitXMLReporter -->
<testsuite ignored="0" hostname="LAPTOP-67V1EJPO" failures="1" tests="2" name="Default test" time="1.271" errors="0" timestamp="2022-06-13T11:14:25 IST">
  <testcase classname="com.zee5.Zee5TvScripts.TvZee5ATVScripts" name="@BeforeTest Before" time="1.241">
    <skipped/>
  </testcase> <!-- @BeforeTest Before -->
  <testcase classname="com.zee5.Zee5TvScripts.TvZee5ATVScripts" name="Demo1" time="0.0">
    <failure type="org.testng.TestNGException" message="
Parameter &amp;apos;userType&amp;apos; is required by @Test on method Demo1 but has not been marked @Optional or defined
in C:\Users\Nithin MD\AppData\Local\Temp\testng-eclipse-79450440\testng-customsuite.xml">
      <![CDATA[org.testng.TestNGException: 
Parameter 'userType' is required by @Test on method Demo1 but has not been marked @Optional or defined
in C:\Users\Nithin MD\AppData\Local\Temp\testng-eclipse-79450440\testng-customsuite.xml
at org.testng.internal.Parameters.createParams(Parameters.java:272)
at org.testng.internal.Parameters.createParametersForMethod(Parameters.java:360)
at org.testng.internal.Parameters.createParameters(Parameters.java:704)
at org.testng.internal.Parameters.handleParameters(Parameters.java:879)
at org.testng.internal.Parameters.handleParameters(Parameters.java:744)
at org.testng.internal.ParameterHandler.handleParameters(ParameterHandler.java:59)
at org.testng.internal.ParameterHandler.createParameters(ParameterHandler.java:38)
at org.testng.internal.TestInvoker$MethodInvocationAgent.invoke(TestInvoker.java:783)
at org.testng.internal.TestInvoker.invokeTestMethods(TestInvoker.java:146)
at org.testng.internal.TestMethodWorker.invokeTestMethods(TestMethodWorker.java:146)
at org.testng.internal.TestMethodWorker.run(TestMethodWorker.java:128)
at java.base/java.util.ArrayList.forEach(ArrayList.java:1511)
at org.testng.TestRunner.privateRun(TestRunner.java:766)
at org.testng.TestRunner.run(TestRunner.java:587)
at org.testng.SuiteRunner.runTest(SuiteRunner.java:384)
at org.testng.SuiteRunner.runSequentially(SuiteRunner.java:378)
at org.testng.SuiteRunner.privateRun(SuiteRunner.java:337)
at org.testng.SuiteRunner.run(SuiteRunner.java:286)
at org.testng.SuiteRunnerWorker.runSuite(SuiteRunnerWorker.java:53)
at org.testng.SuiteRunnerWorker.run(SuiteRunnerWorker.java:96)
at org.testng.TestNG.runSuitesSequentially(TestNG.java:1187)
at org.testng.TestNG.runSuitesLocally(TestNG.java:1109)
at org.testng.TestNG.runSuites(TestNG.java:1039)
at org.testng.TestNG.run(TestNG.java:1007)
at org.testng.remote.AbstractRemoteTestNG.run(AbstractRemoteTestNG.java:115)
at org.testng.remote.RemoteTestNG.initAndRun(RemoteTestNG.java:251)
at org.testng.remote.RemoteTestNG.main(RemoteTestNG.java:77)
]]>
    </failure>
  </testcase> <!-- Demo1 -->
  <testcase classname="com.zee5.Zee5TvScripts.TvZee5ATVScripts" name="language" time="0.0">
    <skipped/>
  </testcase> <!-- language -->
</testsuite> <!-- Default test -->
